0 info it worked if it ends with ok
1 verbose cli [ '/Users/jorgesilvajetter/.nvm/versions/io.js/v1.4.2/bin/iojs',
1 verbose cli   '/Users/jorgesilvajetter/.nvm/versions/io.js/v1.4.2/bin/npm',
1 verbose cli   'link',
1 verbose cli   'bin/mtr.js' ]
2 info using npm@2.6.1
3 info using node@v1.4.2
4 verbose install where, what [ '/Users/jorgesilvajetter/.nvm/versions/io.js/v1.4.2/lib',
4 verbose install   [ 'bin/mtr.js' ] ]
5 warn package.json reql-cli@1.0.2 No repository field.
6 silly cache add args [ 'bin/mtr.js', null ]
7 verbose cache add spec bin/mtr.js
8 silly cache add parsed spec { raw: 'bin/mtr.js',
8 silly cache add   scope: null,
8 silly cache add   name: null,
8 silly cache add   rawSpec: 'bin/mtr.js',
8 silly cache add   spec: '/Users/jorgesilvajetter/Sites/2015/mtr/bin/mtr.js',
8 silly cache add   type: 'local' }
9 silly addLocalTarball shasum (computed) 3d6dd92c4e6203d9284c469c5a7248743e10ab4a
10 verbose addTmpTarball /Users/jorgesilvajetter/Sites/2015/mtr/bin/mtr.js not in flight; adding
11 verbose addTmpTarball validating metadata from /Users/jorgesilvajetter/Sites/2015/mtr/bin/mtr.js
12 verbose tar unpack /Users/jorgesilvajetter/Sites/2015/mtr/bin/mtr.js
13 verbose tar unpacking to /var/folders/v5/dc22lmcj70v81kck1nrf8m_r0000gn/T/npm-3219-226e68c4/unpack-784de6166879
14 verbose gentlyRm vacuuming /var/folders/v5/dc22lmcj70v81kck1nrf8m_r0000gn/T/npm-3219-226e68c4/unpack-784de6166879
15 silly gunzTarPerm modes [ '755', '644' ]
16 error not a package /Users/jorgesilvajetter/Sites/2015/mtr/bin/mtr.js
17 error addLocal Could not install /Users/jorgesilvajetter/Sites/2015/mtr/bin/mtr.js
18 verbose stack Error: ENOENT: no such file or directory, open '/var/folders/v5/dc22lmcj70v81kck1nrf8m_r0000gn/T/npm-3219-226e68c4/unpack-784de6166879/package.json'
18 verbose stack     at Error (native)
19 verbose cwd /Users/jorgesilvajetter/Sites/2015/mtr
20 error Darwin 14.1.0
21 error argv "/Users/jorgesilvajetter/.nvm/versions/io.js/v1.4.2/bin/iojs" "/Users/jorgesilvajetter/.nvm/versions/io.js/v1.4.2/bin/npm" "link" "bin/mtr.js"
22 error node v1.4.2
23 error npm  v2.6.1
24 error path /var/folders/v5/dc22lmcj70v81kck1nrf8m_r0000gn/T/npm-3219-226e68c4/unpack-784de6166879/package.json
25 error code ENOENT
26 error errno -2
27 error syscall open
28 error enoent ENOENT: no such file or directory, open '/var/folders/v5/dc22lmcj70v81kck1nrf8m_r0000gn/T/npm-3219-226e68c4/unpack-784de6166879/package.json'
28 error enoent This is most likely not a problem with npm itself
28 error enoent and is related to npm not being able to find a file.
29 verbose exit [ -2, true ]
